Using pre-set license
Built from '2020.3/staging' branch; Version is '2020.3.0f1 (c7b5465681fb) revision 13088070'; Using compiler version '192528614'; Build Type 'Release'
OS: 'Windows 10 Pro; OS build 19045.5011; Version 2009; 64bit' Language: 'ru' Physical Memory: 8140 MB
BatchMode: 1, IsHumanControllingUs: 0, StartBugReporterOnCrash: 0, Is64bit: 1, IsPro: 0

 COMMAND LINE ARGUMENTS:
G:\Editors\2020.3.0f1\Editor\Unity.exe
-adb2
-batchMode
-noUpm
-name
AssetImportWorker0
-projectPath
C:/ImportantProjects/Task
-logFile
Logs/AssetImportWorker0.log
-srvPort
57696
Successfully changed project path to: C:/ImportantProjects/Task
C:/ImportantProjects/Task
Using Asset Import Pipeline V2.
Refreshing native plugins compatible for Editor in 74.03 ms, found 1 plugins.
Preloading 0 native plugins for Editor in 0.00 ms.
Initialize engine version: 2020.3.0f1 (c7b5465681fb)
[Subsystems] Discovering subsystems at path G:/Editors/2020.3.0f1/Editor/Data/Resources/UnitySubsystems
[Subsystems] Discovering subsystems at path C:/ImportantProjects/Task/Assets
GfxDevice: creating device client; threaded=0
Direct3D:
    Version:  Direct3D 11.0 [level 11.1]
    Renderer: NVIDIA GeForce GTX 1050 Ti (ID=0x1c82)
    Vendor:   
    VRAM:     4004 MB
    Driver:   32.0.15.6094
Initialize mono
Mono path[0] = 'G:/Editors/2020.3.0f1/Editor/Data/Managed'
Mono path[1] = 'G:/Editors/2020.3.0f1/Editor/Data/MonoBleedingEdge/lib/mono/unityjit'
Mono config path = 'G:/Editors/2020.3.0f1/Editor/Data/MonoBleedingEdge/etc'
Using monoOptions --debugger-agent=transport=dt_socket,embedding=1,server=y,suspend=n,address=127.0.0.1:56156
Begin MonoManager ReloadAssembly
Registering precompiled unity dll's ...
Register platform support module: G:/Editors/2020.3.0f1/Editor/Data/PlaybackEngines/WindowsStandaloneSupport/UnityEditor.WindowsStandalone.Extensions.dll
Registered in 0.018894 seconds.
Native extension for WindowsStandalone target not found
Refreshing native plugins compatible for Editor in 41.09 ms, found 1 plugins.
Preloading 0 native plugins for Editor in 0.00 ms.
Invoked RoslynAnalysisRunner static constructor.
RoslynAnalysisRunner will not be running.
RoslynAnalysisRunner has terminated.
Mono: successfully reloaded assembly
- Completed reload, in  7.423 seconds
Platform modules already initialized, skipping
Registering precompiled user dll's ...
Registered in 0.003650 seconds.
Begin MonoManager ReloadAssembly
Native extension for WindowsStandalone target not found
Refreshing native plugins compatible for Editor in 41.35 ms, found 1 plugins.
Preloading 0 native plugins for Editor in 0.00 ms.
Invoked RoslynAnalysisRunner static constructor.
RoslynAnalysisRunner will not be running.
RoslynAnalysisRunner has terminated.
Mono: successfully reloaded assembly
- Completed reload, in  1.152 seconds
Platform modules already initialized, skipping
========================================================================
Worker process is ready to serve import requests
Launched and connected shader compiler UnityShaderCompiler.exe after 0.14 seconds
Refreshing native plugins compatible for Editor in 0.55 ms, found 1 plugins.
Preloading 0 native plugins for Editor in 0.00 ms.
Unloading 1806 Unused Serialized files (Serialized files now loaded: 0)
System memory in use before: 84.5 MB.
System memory in use after: 84.6 MB.

Unloading 19 unused Assets to reduce memory usage. Loaded Objects now: 2253.
Total: 2.171500 ms (FindLiveObjects: 0.201900 ms CreateObjectMapping: 0.047900 ms MarkObjects: 1.842400 ms  DeleteObjects: 0.078100 ms)

========================================================================
Received Import Request.
  path: Assets/Scripts
  artifactKey: Guid(ec2fea8e51623fc419e25ccf9cb875e9) Importer(815301076,1909f56bfc062723c751e8b465ee728b)
Start importing Assets/Scripts using Guid(ec2fea8e51623fc419e25ccf9cb875e9) Importer(815301076,1909f56bfc062723c751e8b465ee728b)  -> (artifact id: 'bdde68bb06bac5328af1c1ee7de454aa') in 0.035678 seconds
  Import took 0.040200 seconds .

========================================================================
Received Import Request.
  Time since last request: 3.479213 seconds.
  path: Assets/Scripts/Item.cs
  artifactKey: Guid(fb5422bc5df3d5048ad5a809365cc5f1) Importer(815301076,1909f56bfc062723c751e8b465ee728b)
Start importing Assets/Scripts/Item.cs using Guid(fb5422bc5df3d5048ad5a809365cc5f1) Importer(815301076,1909f56bfc062723c751e8b465ee728b)  -> (artifact id: '1ef173e56021ca46302d3c742757824a') in 0.107281 seconds
  Import took 0.113347 seconds .

========================================================================
Received Prepare
Registering precompiled user dll's ...
Registered in 0.001347 seconds.
Begin MonoManager ReloadAssembly
Native extension for WindowsStandalone target not found
Refreshing native plugins compatible for Editor in 0.45 ms, found 1 plugins.
Preloading 0 native plugins for Editor in 0.00 ms.
Invoked RoslynAnalysisRunner static constructor.
RoslynAnalysisRunner will not be running.
RoslynAnalysisRunner has terminated.
Mono: successfully reloaded assembly
- Completed reload, in  1.032 seconds
Platform modules already initialized, skipping
Refreshing native plugins compatible for Editor in 0.58 ms, found 1 plugins.
Preloading 0 native plugins for Editor in 0.00 ms.
Unloading 1797 Unused Serialized files (Serialized files now loaded: 0)
System memory in use before: 84.1 MB.
System memory in use after: 84.3 MB.

Unloading 7 unused Assets to reduce memory usage. Loaded Objects now: 2258.
Total: 2.003500 ms (FindLiveObjects: 0.230100 ms CreateObjectMapping: 0.045500 ms MarkObjects: 1.705500 ms  DeleteObjects: 0.021000 ms)

========================================================================
Received Import Request.
  Time since last request: 18.470995 seconds.
  path: Assets/Scripts/WindowModel.cs
  artifactKey: Guid(5f8f0c8b842b16148af37fe0d3034932) Importer(815301076,1909f56bfc062723c751e8b465ee728b)
Start importing Assets/Scripts/WindowModel.cs using Guid(5f8f0c8b842b16148af37fe0d3034932) Importer(815301076,1909f56bfc062723c751e8b465ee728b)  -> (artifact id: 'beed1a11128f5602eb7955e610b68a3b') in 0.015362 seconds
  Import took 0.020011 seconds .

========================================================================
Received Prepare
Registering precompiled user dll's ...
Registered in 0.001271 seconds.
Begin MonoManager ReloadAssembly
Native extension for WindowsStandalone target not found
Refreshing native plugins compatible for Editor in 0.40 ms, found 1 plugins.
Preloading 0 native plugins for Editor in 0.00 ms.
Invoked RoslynAnalysisRunner static constructor.
RoslynAnalysisRunner will not be running.
RoslynAnalysisRunner has terminated.
Mono: successfully reloaded assembly
- Completed reload, in  0.979 seconds
Platform modules already initialized, skipping
Refreshing native plugins compatible for Editor in 0.68 ms, found 1 plugins.
Preloading 0 native plugins for Editor in 0.00 ms.
Unloading 1798 Unused Serialized files (Serialized files now loaded: 0)
System memory in use before: 84.2 MB.
System memory in use after: 84.3 MB.

Unloading 7 unused Assets to reduce memory usage. Loaded Objects now: 2263.
Total: 2.870400 ms (FindLiveObjects: 0.523700 ms CreateObjectMapping: 0.095200 ms MarkObjects: 2.225900 ms  DeleteObjects: 0.023600 ms)

========================================================================
Received Import Request.
  Time since last request: 16.424383 seconds.
  path: Assets/Scripts/WindowView.cs
  artifactKey: Guid(c6f28c40d9d71984097cd49a2caad2a2) Importer(815301076,1909f56bfc062723c751e8b465ee728b)
Start importing Assets/Scripts/WindowView.cs using Guid(c6f28c40d9d71984097cd49a2caad2a2) Importer(815301076,1909f56bfc062723c751e8b465ee728b)  -> (artifact id: '9e9c2ac2ed5fb2bd1d24efd0230f102f') in 0.015679 seconds
  Import took 0.021452 seconds .

========================================================================
Received Prepare
Registering precompiled user dll's ...
Registered in 0.001380 seconds.
Begin MonoManager ReloadAssembly
Native extension for WindowsStandalone target not found
Refreshing native plugins compatible for Editor in 0.89 ms, found 1 plugins.
Preloading 0 native plugins for Editor in 0.00 ms.
Invoked RoslynAnalysisRunner static constructor.
RoslynAnalysisRunner will not be running.
RoslynAnalysisRunner has terminated.
Mono: successfully reloaded assembly
- Completed reload, in  1.009 seconds
Platform modules already initialized, skipping
Refreshing native plugins compatible for Editor in 0.54 ms, found 1 plugins.
Preloading 0 native plugins for Editor in 0.00 ms.
Unloading 1799 Unused Serialized files (Serialized files now loaded: 0)
System memory in use before: 84.2 MB.
System memory in use after: 84.4 MB.

Unloading 7 unused Assets to reduce memory usage. Loaded Objects now: 2268.
Total: 2.563300 ms (FindLiveObjects: 0.392300 ms CreateObjectMapping: 0.053500 ms MarkObjects: 2.094900 ms  DeleteObjects: 0.021000 ms)

========================================================================
Received Import Request.
  Time since last request: 17.047743 seconds.
  path: Assets/Scripts/WindowController.cs
  artifactKey: Guid(922f532a12214144a8654ee879623ff1) Importer(815301076,1909f56bfc062723c751e8b465ee728b)
Start importing Assets/Scripts/WindowController.cs using Guid(922f532a12214144a8654ee879623ff1) Importer(815301076,1909f56bfc062723c751e8b465ee728b)  -> (artifact id: 'b84938771e2558bd7c6fe3f49976cb82') in 0.013497 seconds
  Import took 0.021958 seconds .

========================================================================
Received Prepare
Registering precompiled user dll's ...
Registered in 0.001791 seconds.
Begin MonoManager ReloadAssembly
Native extension for WindowsStandalone target not found
Refreshing native plugins compatible for Editor in 0.39 ms, found 1 plugins.
Preloading 0 native plugins for Editor in 0.00 ms.
Invoked RoslynAnalysisRunner static constructor.
RoslynAnalysisRunner will not be running.
RoslynAnalysisRunner has terminated.
Mono: successfully reloaded assembly
- Completed reload, in  0.987 seconds
Platform modules already initialized, skipping
Refreshing native plugins compatible for Editor in 0.58 ms, found 1 plugins.
Preloading 0 native plugins for Editor in 0.00 ms.
Unloading 1800 Unused Serialized files (Serialized files now loaded: 0)
System memory in use before: 84.3 MB.
System memory in use after: 84.4 MB.

Unloading 7 unused Assets to reduce memory usage. Loaded Objects now: 2273.
Total: 2.373500 ms (FindLiveObjects: 0.216000 ms CreateObjectMapping: 0.046100 ms MarkObjects: 2.056700 ms  DeleteObjects: 0.052900 ms)

========================================================================
Received Import Request.
  Time since last request: 16.664340 seconds.
  path: Assets/Scripts/StartScreen.cs
  artifactKey: Guid(ded163c5f02b61d4681a4b07ca5f84b5) Importer(815301076,1909f56bfc062723c751e8b465ee728b)
Start importing Assets/Scripts/StartScreen.cs using Guid(ded163c5f02b61d4681a4b07ca5f84b5) Importer(815301076,1909f56bfc062723c751e8b465ee728b)  -> (artifact id: 'fbb7ad2560129b3147433920dcb4f964') in 0.012901 seconds
  Import took 0.031000 seconds .

========================================================================
Received Prepare
Registering precompiled user dll's ...
Registered in 0.003440 seconds.
Begin MonoManager ReloadAssembly
Native extension for WindowsStandalone target not found
Refreshing native plugins compatible for Editor in 0.59 ms, found 1 plugins.
Preloading 0 native plugins for Editor in 0.00 ms.
Invoked RoslynAnalysisRunner static constructor.
RoslynAnalysisRunner will not be running.
RoslynAnalysisRunner has terminated.
Mono: successfully reloaded assembly
- Completed reload, in  0.970 seconds
Platform modules already initialized, skipping
Refreshing native plugins compatible for Editor in 0.46 ms, found 1 plugins.
Preloading 0 native plugins for Editor in 0.00 ms.
Unloading 1801 Unused Serialized files (Serialized files now loaded: 0)
System memory in use before: 84.3 MB.
System memory in use after: 84.4 MB.

Unloading 7 unused Assets to reduce memory usage. Loaded Objects now: 2278.
Total: 2.497400 ms (FindLiveObjects: 0.354200 ms CreateObjectMapping: 0.050400 ms MarkObjects: 2.071900 ms  DeleteObjects: 0.018900 ms)

========================================================================
Received Prepare
Registering precompiled user dll's ...
Registered in 0.004343 seconds.
Begin MonoManager ReloadAssembly
Native extension for WindowsStandalone target not found
Refreshing native plugins compatible for Editor in 0.41 ms, found 1 plugins.
Preloading 0 native plugins for Editor in 0.00 ms.
Invoked RoslynAnalysisRunner static constructor.
RoslynAnalysisRunner will not be running.
RoslynAnalysisRunner has terminated.
Mono: successfully reloaded assembly
- Completed reload, in  0.998 seconds
Platform modules already initialized, skipping
Refreshing native plugins compatible for Editor in 0.49 ms, found 1 plugins.
Preloading 0 native plugins for Editor in 0.00 ms.
Unloading 1801 Unused Serialized files (Serialized files now loaded: 0)
System memory in use before: 84.3 MB.
System memory in use after: 84.4 MB.

Unloading 7 unused Assets to reduce memory usage. Loaded Objects now: 2282.
Total: 2.943000 ms (FindLiveObjects: 0.306200 ms CreateObjectMapping: 0.050500 ms MarkObjects: 2.523400 ms  DeleteObjects: 0.060200 ms)

========================================================================
Received Import Request.
  Time since last request: 249.914086 seconds.
  path: Assets/Scripts/WindowModel.cs
  artifactKey: Guid(5f8f0c8b842b16148af37fe0d3034932) Importer(815301076,1909f56bfc062723c751e8b465ee728b)
Start importing Assets/Scripts/WindowModel.cs using Guid(5f8f0c8b842b16148af37fe0d3034932) Importer(815301076,1909f56bfc062723c751e8b465ee728b)  -> (artifact id: '7fb3bfe061a076dcd4eaa8fb13f5ec6d') in 0.010051 seconds
  Import took 0.014785 seconds .

========================================================================
Received Prepare
Registering precompiled user dll's ...
Registered in 0.001584 seconds.
Begin MonoManager ReloadAssembly
Native extension for WindowsStandalone target not found
Refreshing native plugins compatible for Editor in 0.53 ms, found 1 plugins.
Preloading 0 native plugins for Editor in 0.00 ms.
Invoked RoslynAnalysisRunner static constructor.
RoslynAnalysisRunner will not be running.
RoslynAnalysisRunner has terminated.
Mono: successfully reloaded assembly
- Completed reload, in  1.039 seconds
Platform modules already initialized, skipping
Refreshing native plugins compatible for Editor in 0.68 ms, found 1 plugins.
Preloading 0 native plugins for Editor in 0.00 ms.
Unloading 1801 Unused Serialized files (Serialized files now loaded: 0)
System memory in use before: 84.3 MB.
System memory in use after: 84.4 MB.

Unloading 7 unused Assets to reduce memory usage. Loaded Objects now: 2286.
Total: 2.062800 ms (FindLiveObjects: 0.229100 ms CreateObjectMapping: 0.045400 ms MarkObjects: 1.766500 ms  DeleteObjects: 0.020700 ms)

========================================================================
Received Import Request.
  Time since last request: 43.218258 seconds.
  path: Assets/Scripts/WindowView.cs
  artifactKey: Guid(c6f28c40d9d71984097cd49a2caad2a2) Importer(815301076,1909f56bfc062723c751e8b465ee728b)
Start importing Assets/Scripts/WindowView.cs using Guid(c6f28c40d9d71984097cd49a2caad2a2) Importer(815301076,1909f56bfc062723c751e8b465ee728b)  -> (artifact id: '6ef97595c13220fc039c74b708de0e11') in 0.013858 seconds
  Import took 0.036273 seconds .

========================================================================
Received Prepare
Registering precompiled user dll's ...
Registered in 0.008854 seconds.
Begin MonoManager ReloadAssembly
Native extension for WindowsStandalone target not found
Refreshing native plugins compatible for Editor in 0.40 ms, found 1 plugins.
Preloading 0 native plugins for Editor in 0.00 ms.
Invoked RoslynAnalysisRunner static constructor.
RoslynAnalysisRunner will not be running.
RoslynAnalysisRunner has terminated.
Mono: successfully reloaded assembly
- Completed reload, in  1.086 seconds
Platform modules already initialized, skipping
Refreshing native plugins compatible for Editor in 3.23 ms, found 1 plugins.
Preloading 0 native plugins for Editor in 0.00 ms.
Unloading 1801 Unused Serialized files (Serialized files now loaded: 0)
System memory in use before: 84.3 MB.
System memory in use after: 84.5 MB.

Unloading 7 unused Assets to reduce memory usage. Loaded Objects now: 2290.
Total: 4.383900 ms (FindLiveObjects: 1.162500 ms CreateObjectMapping: 0.203800 ms MarkObjects: 2.987400 ms  DeleteObjects: 0.028000 ms)

========================================================================
Received Import Request.
  Time since last request: 80.350964 seconds.
  path: Assets/Scripts/WindowController.cs
  artifactKey: Guid(922f532a12214144a8654ee879623ff1) Importer(815301076,1909f56bfc062723c751e8b465ee728b)
Start importing Assets/Scripts/WindowController.cs using Guid(922f532a12214144a8654ee879623ff1) Importer(815301076,1909f56bfc062723c751e8b465ee728b)  -> (artifact id: '0a9d3f290f9849c2a9a07c13472dee69') in 0.005735 seconds
  Import took 0.030726 seconds .

========================================================================
Received Prepare
Registering precompiled user dll's ...
Registered in 0.001329 seconds.
Begin MonoManager ReloadAssembly
Native extension for WindowsStandalone target not found
Refreshing native plugins compatible for Editor in 0.62 ms, found 1 plugins.
Preloading 0 native plugins for Editor in 0.00 ms.
Invoked RoslynAnalysisRunner static constructor.
RoslynAnalysisRunner will not be running.
RoslynAnalysisRunner has terminated.
Mono: successfully reloaded assembly
- Completed reload, in  1.206 seconds
Platform modules already initialized, skipping
Refreshing native plugins compatible for Editor in 0.49 ms, found 1 plugins.
Preloading 0 native plugins for Editor in 0.00 ms.
Unloading 1801 Unused Serialized files (Serialized files now loaded: 0)
System memory in use before: 84.3 MB.
System memory in use after: 84.5 MB.

Unloading 7 unused Assets to reduce memory usage. Loaded Objects now: 2294.
Total: 3.932700 ms (FindLiveObjects: 0.448700 ms CreateObjectMapping: 0.058000 ms MarkObjects: 3.398300 ms  DeleteObjects: 0.024400 ms)

========================================================================
Received Import Request.
  Time since last request: 28.359182 seconds.
  path: Assets/Scripts/StartScreen.cs
  artifactKey: Guid(ded163c5f02b61d4681a4b07ca5f84b5) Importer(815301076,1909f56bfc062723c751e8b465ee728b)
Start importing Assets/Scripts/StartScreen.cs using Guid(ded163c5f02b61d4681a4b07ca5f84b5) Importer(815301076,1909f56bfc062723c751e8b465ee728b)  -> (artifact id: '6e045f9787eb4836a71497b492cc0833') in 0.009703 seconds
  Import took 0.029348 seconds .

